{
  "RSpec": {
    "coverage": {
      "/Users/kotpsot/Desktop/Makers Academy/Bank-account/spec/account_log_spec.rb": [
        1,
        1,
        null,
        1,
        null,
        6,
        null,
        1,
        1,
        1,
        1,
        null,
        1,
        1,
        null,
        null,
        null,
        null,
        1,
        1,
        1,
        1,
        1,
        null,
        1,
        1,
        1,
        1,
        null,
        1,
        1,
        null,
        null,
        null,
        null,
        null
      ],
      "/Users/kotpsot/Desktop/Makers Academy/Bank-account/lib/account_log.rb": [
        1,
        1,
        null,
        1,
        null,
        1,
        null,
        1,
        10,
        10,
        null,
        null,
        1,
        8,
        null,
        null,
        null,
        null,
        null,
        null,
        null,
        null,
        null,
        null,
        8,
        8,
        null,
        null,
        1,
        0,
        null,
        null,
        null
      ],
      "/Users/kotpsot/Desktop/Makers Academy/Bank-account/lib/printer.rb": [
        1,
        null,
        1,
        null,
        null,
        1,
        1,
        1,
        2,
        null,
        null,
        null,
        null
      ],
      "/Users/kotpsot/Desktop/Makers Academy/Bank-account/spec/account_spec.rb": [
        1,
        null,
        1,
        null,
        6,
        null,
        1,
        1,
        1,
        1,
        null,
        1,
        1,
        null,
        null,
        null,
        null,
        1,
        1,
        1,
        1,
        1,
        null,
        null,
        null,
        null,
        1,
        1,
        1,
        1,
        1,
        1,
        null,
        1,
        1,
        2,
        null,
        null,
        null,
        null,
        null
      ],
      "/Users/kotpsot/Desktop/Makers Academy/Bank-account/lib/account.rb": [
        1,
        1,
        1,
        1,
        null,
        null,
        1,
        null,
        1,
        null,
        1,
        5,
        5,
        null,
        null,
        1,
        3,
        3,
        null,
        null,
        1,
        2,
        1,
        1,
        null,
        null,
        1,
        4,
        null,
        null,
        null
      ],
      "/Users/kotpsot/Desktop/Makers Academy/Bank-account/spec/printer_spec.rb": [
        1,
        null,
        1,
        null,
        2,
        null,
        1,
        1,
        1,
        null,
        2,
        null,
        null,
        null,
        null,
        null,
        null
      ]
    },
    "timestamp": 1522227739
  }
}
